[Sun May 24 00:41:36 IST 2020][INFO] ==================== COMPILE TASK ====================
[Sun May 24 00:41:36 IST 2020][FINE] PB Command for check version: /home/sharabheshwara/Development/graalvm/graalvm-svm-linux-20.1-latest/bin/java -version
[Sun May 24 00:41:36 IST 2020][FINE] Start process check version...
[Sun May 24 00:41:37 IST 2020][FINE] [SUB] openjdk version "11.0.5" 2019-10-15
[Sun May 24 00:41:37 IST 2020][FINE] [SUB] OpenJDK Runtime Environment (build 11.0.5+10-jvmci-19.3-b05-LTS)
[Sun May 24 00:41:37 IST 2020][FINE] [SUB] OpenJDK 64-Bit Server VM GraalVM 20.1.0-dev (build 11.0.5+10-jvmci-19.3-b05-LTS, mixed mode, sharing)
[Sun May 24 00:41:37 IST 2020][FINE] Result for check version: 0
[Sun May 24 00:41:37 IST 2020][INFO] We will now compile your code for x86_64-linux-linux. This may take some time.
[Sun May 24 00:41:37 IST 2020][FINE] Extracting native libs to: /mnt/f/code/nu-sharabheshwara/nu-sharabheshwara-simple_html_editor/target/client/x86_64-linux/gvm/lib
[Sun May 24 00:41:37 IST 2020][FINE] Looking for resource: /native/linux/launcher.c
[Sun May 24 00:41:37 IST 2020][FINE] PB Command for compile-additional-sources: gcc -c -DSUBSTRATE -I/home/sharabheshwara/Development/graalvm/graalvm-svm-linux-20.1-latest/include -I/home/sharabheshwara/Development/graalvm/graalvm-svm-linux-20.1-latest/include/linux -I/mnt/f/code/nu-sharabheshwara/nu-sharabheshwara-simple_html_editor/target/client/x86_64-linux/gvm/nu-sharabheshwara-simple_html_editor launcher.c
[Sun May 24 00:41:37 IST 2020][FINE] Start process compile-additional-sources...
[Sun May 24 00:41:38 IST 2020][FINE] Result for compile-additional-sources: 0
[Sun May 24 00:41:38 IST 2020][FINE] Copied resource /mnt/f/code/nu-sharabheshwara/nu-sharabheshwara-simple_html_editor/target/classes/nu/sharabheshwara/simple_html_editor/Main.class to /tmp/classes7381839185850527657/nu/sharabheshwara/simple_html_editor/Main.class
[Sun May 24 00:41:38 IST 2020][FINE] PB Command for jar: jar cf /tmp/classes7381839185850527657/classes.jar -C /tmp/classes7381839185850527657 .
[Sun May 24 00:41:38 IST 2020][FINE] Start process jar...
[Sun May 24 00:41:38 IST 2020][FINE] Result for jar: 0
[Sun May 24 00:41:38 IST 2020][FINE] Scanning for init build time files
[Sun May 24 00:41:38 IST 2020][FINE] Scanning /home/sharabheshwara/.gluon/substrate/javafxStaticSdk/15-ea+gvm20/linux-x86_64/sdk/lib/javafx-base.jar
[Sun May 24 00:41:38 IST 2020][FINE] Scanning /home/sharabheshwara/.gluon/substrate/javafxStaticSdk/15-ea+gvm20/linux-x86_64/sdk/lib/javafx-controls.jar
[Sun May 24 00:41:38 IST 2020][FINE] Scanning /home/sharabheshwara/.gluon/substrate/javafxStaticSdk/15-ea+gvm20/linux-x86_64/sdk/lib/javafx-fxml.jar
[Sun May 24 00:41:38 IST 2020][FINE] Scanning /home/sharabheshwara/.gluon/substrate/javafxStaticSdk/15-ea+gvm20/linux-x86_64/sdk/lib/javafx-graphics.jar
[Sun May 24 00:41:38 IST 2020][FINE] Scanning /home/sharabheshwara/.gluon/substrate/javafxStaticSdk/15-ea+gvm20/linux-x86_64/sdk/lib/javafx-media.jar
[Sun May 24 00:41:38 IST 2020][FINE] Scanning /home/sharabheshwara/.m2/repository/org/openjfx/javafx-web/13.0.1/javafx-web-13.0.1-linux.jar
[Sun May 24 00:41:38 IST 2020][FINE] Scanning /home/sharabheshwara/.m2/repository/org/openjfx/javafx-web/13.0.1/javafx-web-13.0.1.jar
[Sun May 24 00:41:38 IST 2020][FINE] Scanning /tmp/classes7381839185850527657/classes.jar
[Sun May 24 00:41:38 IST 2020][FINE] Scanning for reflection files
[Sun May 24 00:41:38 IST 2020][FINE] Scanning /home/sharabheshwara/.gluon/substrate/javafxStaticSdk/15-ea+gvm20/linux-x86_64/sdk/lib/javafx-base.jar
[Sun May 24 00:41:38 IST 2020][FINE] Adding classes from /home/sharabheshwara/.gluon/substrate/javafxStaticSdk/15-ea+gvm20/linux-x86_64/sdk/lib/javafx-base.jar::META-INF/substrate/config/reflectionconfig.json
[Sun May 24 00:41:38 IST 2020][FINE] Scanning /home/sharabheshwara/.gluon/substrate/javafxStaticSdk/15-ea+gvm20/linux-x86_64/sdk/lib/javafx-controls.jar
[Sun May 24 00:41:38 IST 2020][FINE] Adding classes from /home/sharabheshwara/.gluon/substrate/javafxStaticSdk/15-ea+gvm20/linux-x86_64/sdk/lib/javafx-controls.jar::META-INF/substrate/config/reflectionconfig.json
[Sun May 24 00:41:38 IST 2020][FINE] Scanning /home/sharabheshwara/.gluon/substrate/javafxStaticSdk/15-ea+gvm20/linux-x86_64/sdk/lib/javafx-fxml.jar
[Sun May 24 00:41:38 IST 2020][FINE] Adding classes from /home/sharabheshwara/.gluon/substrate/javafxStaticSdk/15-ea+gvm20/linux-x86_64/sdk/lib/javafx-fxml.jar::META-INF/substrate/config/reflectionconfig.json
[Sun May 24 00:41:38 IST 2020][FINE] Scanning /home/sharabheshwara/.gluon/substrate/javafxStaticSdk/15-ea+gvm20/linux-x86_64/sdk/lib/javafx-graphics.jar
[Sun May 24 00:41:38 IST 2020][FINE] Adding classes from /home/sharabheshwara/.gluon/substrate/javafxStaticSdk/15-ea+gvm20/linux-x86_64/sdk/lib/javafx-graphics.jar::META-INF/substrate/config/reflectionconfig.json
[Sun May 24 00:41:38 IST 2020][FINE] Adding classes from /home/sharabheshwara/.gluon/substrate/javafxStaticSdk/15-ea+gvm20/linux-x86_64/sdk/lib/javafx-graphics.jar::META-INF/substrate/config/reflectionconfig-x86_64-linux.json
[Sun May 24 00:41:38 IST 2020][FINE] Scanning /home/sharabheshwara/.gluon/substrate/javafxStaticSdk/15-ea+gvm20/linux-x86_64/sdk/lib/javafx-media.jar
[Sun May 24 00:41:38 IST 2020][FINE] Adding classes from /home/sharabheshwara/.gluon/substrate/javafxStaticSdk/15-ea+gvm20/linux-x86_64/sdk/lib/javafx-media.jar::META-INF/substrate/config/reflectionconfig-x86_64-linux.json
[Sun May 24 00:41:38 IST 2020][FINE] Scanning /home/sharabheshwara/.m2/repository/org/openjfx/javafx-web/13.0.1/javafx-web-13.0.1-linux.jar
[Sun May 24 00:41:38 IST 2020][FINE] Scanning /home/sharabheshwara/.m2/repository/org/openjfx/javafx-web/13.0.1/javafx-web-13.0.1.jar
[Sun May 24 00:41:38 IST 2020][FINE] Scanning /tmp/classes7381839185850527657/classes.jar
[Sun May 24 00:41:38 IST 2020][FINE] Scanning for JNI files
[Sun May 24 00:41:38 IST 2020][FINE] Scanning /home/sharabheshwara/.gluon/substrate/javafxStaticSdk/15-ea+gvm20/linux-x86_64/sdk/lib/javafx-base.jar
[Sun May 24 00:41:38 IST 2020][FINE] Scanning /home/sharabheshwara/.gluon/substrate/javafxStaticSdk/15-ea+gvm20/linux-x86_64/sdk/lib/javafx-controls.jar
[Sun May 24 00:41:38 IST 2020][FINE] Scanning /home/sharabheshwara/.gluon/substrate/javafxStaticSdk/15-ea+gvm20/linux-x86_64/sdk/lib/javafx-fxml.jar
[Sun May 24 00:41:38 IST 2020][FINE] Scanning /home/sharabheshwara/.gluon/substrate/javafxStaticSdk/15-ea+gvm20/linux-x86_64/sdk/lib/javafx-graphics.jar
[Sun May 24 00:41:38 IST 2020][FINE] Adding classes from /home/sharabheshwara/.gluon/substrate/javafxStaticSdk/15-ea+gvm20/linux-x86_64/sdk/lib/javafx-graphics.jar::META-INF/substrate/config/jniconfig.json
[Sun May 24 00:41:38 IST 2020][FINE] Adding classes from /home/sharabheshwara/.gluon/substrate/javafxStaticSdk/15-ea+gvm20/linux-x86_64/sdk/lib/javafx-graphics.jar::META-INF/substrate/config/jniconfig-x86_64-linux.json
[Sun May 24 00:41:38 IST 2020][FINE] Scanning /home/sharabheshwara/.gluon/substrate/javafxStaticSdk/15-ea+gvm20/linux-x86_64/sdk/lib/javafx-media.jar
[Sun May 24 00:41:38 IST 2020][FINE] Adding classes from /home/sharabheshwara/.gluon/substrate/javafxStaticSdk/15-ea+gvm20/linux-x86_64/sdk/lib/javafx-media.jar::META-INF/substrate/config/jniconfig-x86_64-linux.json
[Sun May 24 00:41:38 IST 2020][FINE] Scanning /home/sharabheshwara/.m2/repository/org/openjfx/javafx-web/13.0.1/javafx-web-13.0.1-linux.jar
[Sun May 24 00:41:38 IST 2020][FINE] Scanning /home/sharabheshwara/.m2/repository/org/openjfx/javafx-web/13.0.1/javafx-web-13.0.1.jar
[Sun May 24 00:41:38 IST 2020][FINE] Scanning /tmp/classes7381839185850527657/classes.jar
[Sun May 24 00:41:38 IST 2020][FINE] Scanning for resource files
[Sun May 24 00:41:38 IST 2020][FINE] Scanning /home/sharabheshwara/.gluon/substrate/javafxStaticSdk/15-ea+gvm20/linux-x86_64/sdk/lib/javafx-base.jar
[Sun May 24 00:41:38 IST 2020][FINE] Scanning /home/sharabheshwara/.gluon/substrate/javafxStaticSdk/15-ea+gvm20/linux-x86_64/sdk/lib/javafx-controls.jar
[Sun May 24 00:41:39 IST 2020][FINE] Scanning /home/sharabheshwara/.gluon/substrate/javafxStaticSdk/15-ea+gvm20/linux-x86_64/sdk/lib/javafx-fxml.jar
[Sun May 24 00:41:39 IST 2020][FINE] Scanning /home/sharabheshwara/.gluon/substrate/javafxStaticSdk/15-ea+gvm20/linux-x86_64/sdk/lib/javafx-graphics.jar
[Sun May 24 00:41:39 IST 2020][FINE] Scanning /home/sharabheshwara/.gluon/substrate/javafxStaticSdk/15-ea+gvm20/linux-x86_64/sdk/lib/javafx-media.jar
[Sun May 24 00:41:39 IST 2020][FINE] Scanning /home/sharabheshwara/.m2/repository/org/openjfx/javafx-web/13.0.1/javafx-web-13.0.1-linux.jar
[Sun May 24 00:41:39 IST 2020][FINE] Scanning /home/sharabheshwara/.m2/repository/org/openjfx/javafx-web/13.0.1/javafx-web-13.0.1.jar
[Sun May 24 00:41:39 IST 2020][FINE] Scanning /tmp/classes7381839185850527657/classes.jar
[Sun May 24 00:41:39 IST 2020][FINE] PB Command for compile: /home/sharabheshwara/Development/graalvm/graalvm-svm-linux-20.1-latest/bin/native-image --report-unsupported-elements-at-runtime -Djdk.internal.lambda.eagerlyInitialize=false --no-server -H:+ExitAfterRelocatableImageWrite -H:+SharedLibrary -H:+AddAllCharsets -H:+ReportExceptionStackTraces -H:-DeadlockWatchdogExitOnTimeout -H:DeadlockWatchdogInterval=0 --features=org.graalvm.home.HomeFinderFeature -H:TempDirectory=/mnt/f/code/nu-sharabheshwara/nu-sharabheshwara-simple_html_editor/target/client/x86_64-linux/gvm/tmp -H:EnableURLProtocols=http,https -H:ReflectionConfigurationFiles=/mnt/f/code/nu-sharabheshwara/nu-sharabheshwara-simple_html_editor/target/client/x86_64-linux/gvm/reflectionconfig-x86_64-linux.json -H:JNIConfigurationFiles=/mnt/f/code/nu-sharabheshwara/nu-sharabheshwara-simple_html_editor/target/client/x86_64-linux/gvm/jniconfig-x86_64-linux.json -H:ResourceConfigurationFiles=/mnt/f/code/nu-sharabheshwara/nu-sharabheshwara-simple_html_editor/target/client/x86_64-linux/gvm/resourceconfig-x86_64-linux.json -H:IncludeResourceBundles=com/sun/javafx/scene/control/skin/resources/controls,com/sun/javafx/scene/control/skin/resources/controls-nt,com.sun.javafx.tk.quantum.QuantumMessagesBundle -Dsvm.platform=org.graalvm.nativeimage.Platform$LINUX_AMD64 -cp /mnt/f/code/nu-sharabheshwara/nu-sharabheshwara-simple_html_editor/target/classes:/home/sharabheshwara/.gluon/substrate/javafxStaticSdk/15-ea+gvm20/linux-x86_64/sdk/lib/javafx-base.jar:/home/sharabheshwara/.gluon/substrate/javafxStaticSdk/15-ea+gvm20/linux-x86_64/sdk/lib/javafx-base.jar:/home/sharabheshwara/.gluon/substrate/javafxStaticSdk/15-ea+gvm20/linux-x86_64/sdk/lib/javafx-controls.jar:/home/sharabheshwara/.gluon/substrate/javafxStaticSdk/15-ea+gvm20/linux-x86_64/sdk/lib/javafx-controls.jar:/home/sharabheshwara/.gluon/substrate/javafxStaticSdk/15-ea+gvm20/linux-x86_64/sdk/lib/javafx-fxml.jar:/home/sharabheshwara/.gluon/substrate/javafxStaticSdk/15-ea+gvm20/linux-x86_64/sdk/lib/javafx-fxml.jar:/home/sharabheshwara/.gluon/substrate/javafxStaticSdk/15-ea+gvm20/linux-x86_64/sdk/lib/javafx-graphics.jar:/home/sharabheshwara/.gluon/substrate/javafxStaticSdk/15-ea+gvm20/linux-x86_64/sdk/lib/javafx-graphics.jar:/home/sharabheshwara/.gluon/substrate/javafxStaticSdk/15-ea+gvm20/linux-x86_64/sdk/lib/javafx-media.jar:/home/sharabheshwara/.gluon/substrate/javafxStaticSdk/15-ea+gvm20/linux-x86_64/sdk/lib/javafx-media.jar:/home/sharabheshwara/.m2/repository/org/openjfx/javafx-web/13.0.1/javafx-web-13.0.1-linux.jar:/home/sharabheshwara/.m2/repository/org/openjfx/javafx-web/13.0.1/javafx-web-13.0.1.jar nu.sharabheshwara.simple_html_editor.Main
[Sun May 24 00:41:39 IST 2020][FINE] Start process compile...
[Sun May 24 00:41:51 IST 2020][INFO] [SUB] [nu.sharabheshwara.simple_html_editor.main:225]    classlist:   9,702.31 ms,  0.96 GB
[Sun May 24 00:41:58 IST 2020][INFO] [SUB] [nu.sharabheshwara.simple_html_editor.main:225]        (cap):   5,405.40 ms,  0.96 GB
[Sun May 24 00:42:02 IST 2020][INFO] [SUB] [nu.sharabheshwara.simple_html_editor.main:225]        setup:  11,578.22 ms,  0.96 GB
[Sun May 24 00:45:31 IST 2020][INFO] [SUB] [nu.sharabheshwara.simple_html_editor.main:225]     (clinit):   2,730.79 ms,  3.85 GB
[Sun May 24 00:45:34 IST 2020][INFO] [SUB] [nu.sharabheshwara.simple_html_editor.main:225]   (typeflow): 117,253.70 ms,  3.85 GB
[Sun May 24 00:45:34 IST 2020][INFO] [SUB] [nu.sharabheshwara.simple_html_editor.main:225]    (objects):  78,379.39 ms,  3.85 GB
[Sun May 24 00:45:34 IST 2020][INFO] [SUB] [nu.sharabheshwara.simple_html_editor.main:225]   (features):   6,738.86 ms,  3.85 GB
[Sun May 24 00:45:34 IST 2020][INFO] [SUB] [nu.sharabheshwara.simple_html_editor.main:225]     analysis: 210,880.39 ms,  3.85 GB
[Sun May 24 00:45:39 IST 2020][INFO] [SUB] [nu.sharabheshwara.simple_html_editor.main:225]     universe:   4,880.75 ms,  3.82 GB
[Sun May 24 00:46:06 IST 2020][INFO] [SUB] [nu.sharabheshwara.simple_html_editor.main:225]      (parse):  27,742.98 ms,  3.52 GB
[Sun May 24 00:46:50 IST 2020][INFO] [SUB] [nu.sharabheshwara.simple_html_editor.main:225]     (inline):  42,423.11 ms,  3.66 GB
[Sun May 24 00:48:40 IST 2020][INFO] [SUB] [nu.sharabheshwara.simple_html_editor.main:225]    (compile): 110,018.24 ms,  3.76 GB
[Sun May 24 00:48:46 IST 2020][INFO] [SUB] [nu.sharabheshwara.simple_html_editor.main:225]      compile: 186,938.55 ms,  3.76 GB
[Sun May 24 00:48:59 IST 2020][INFO] [SUB] [nu.sharabheshwara.simple_html_editor.main:225]        image:  12,870.20 ms,  3.76 GB
[Sun May 24 00:48:59 IST 2020][INFO] [SUB] [nu.sharabheshwara.simple_html_editor.main:225]        write:     927.56 ms,  3.76 GB
[Sun May 24 00:48:59 IST 2020][INFO] [SUB] [nu.sharabheshwara.simple_html_editor.main:225]      [total]: 438,593.91 ms,  3.76 GB
[Sun May 24 00:49:00 IST 2020][FINE] Result for compile: 0
[Sun May 24 00:49:00 IST 2020][FINE] Logging process [compile] to file: /mnt/f/code/nu-sharabheshwara/nu-sharabheshwara-simple_html_editor/target/client/log/process-compile-1590261540143.log
